<?xml version="1.0" encoding="utf-8"?>
<TestRun id="390489ca-0f64-42b9-95d9-7d3a037a5e1f" name="nata@DESKTOP-B7PGTAA 2024-10-05 19:34:51" runUser="DESKTOP-B7PGTAA\nata" xmlns="http://microsoft.com/schemas/VisualStudio/TeamTest/2010">
  <Times creation="2024-10-05T19:34:51.9417306+03:00" queuing="2024-10-05T19:34:51.9417310+03:00" start="2024-10-05T19:34:48.2979556+03:00" finish="2024-10-05T19:34:52.0536703+03:00" />
  <TestSettings name="default" id="0e44e234-c365-4195-a9bc-2f11bd648462">
    <Deployment runDeploymentRoot="nata_DESKTOP-B7PGTAA_2024-10-05_19_34_51" />
  </TestSettings>
  <Results>
    <UnitTestResult executionId="79e82cde-ccc5-4866-a262-82c83fc432aa" testId="ba33e863-bc38-424c-5b94-2dfbd9498fb4" testName="GetASinglePostByID" computerName="DESKTOP-B7PGTAA" duration="00:00:00.1569450" startTime="2024-10-05T19:34:51.1656330+03:00" endTime="2024-10-05T19:34:51.3225775+03:00" testType="13cdc9d9-ddb5-4fa4-a97d-d965ccfc6d4b" outcome="Passed" testListId="8c84fa94-04c1-424b-9868-57a2d4851a1d" relativeResultsDirectory="79e82cde-ccc5-4866-a262-82c83fc432aa">
      <Output>
        <StdOut>Given I have a valid API endpoint&#xD;
-&gt; done: UserPostsSteps.GivenIHaveAValidApiEndpoint() (0,0s)&#xD;
And the post ID is 1&#xD;
-&gt; done: UserPostsSteps.GivenThePostIDIs(1) (0,0s)&#xD;
When I send a GET request to "/posts/1"&#xD;
-&gt; done: UserPostsSteps.WhenISendAGETRequestTo("/posts/1") (0,2s)&#xD;
Then the response status code should be 200&#xD;
-&gt; done: UserPostsSteps.ThenTheResponseStatusCodeShouldBe(200) (0,0s)&#xD;
And the response should contain the post with ID 1&#xD;
-&gt; done: UserPostsSteps.ThenTheResponseShouldContainThePostWithID(1) (0,0s)</StdOut>
      </Output>
    </UnitTestResult>
    <UnitTestResult executionId="6df78a85-fabd-4b23-b517-7a9eb7ed35a7" testId="14d507b7-c699-0625-d6ea-742a29f41c29" testName="GetAllPosts" computerName="DESKTOP-B7PGTAA" duration="00:00:00.3091060" startTime="2024-10-05T19:34:50.8542151+03:00" endTime="2024-10-05T19:34:51.1632117+03:00" testType="13cdc9d9-ddb5-4fa4-a97d-d965ccfc6d4b" outcome="Passed" testListId="8c84fa94-04c1-424b-9868-57a2d4851a1d" relativeResultsDirectory="6df78a85-fabd-4b23-b517-7a9eb7ed35a7">
      <Output>
        <StdOut>Given I have a valid API endpoint&#xD;
-&gt; done: UserPostsSteps.GivenIHaveAValidApiEndpoint() (0,0s)&#xD;
When I send a GET request to "/posts"&#xD;
-&gt; done: UserPostsSteps.WhenISendAGETRequestTo("/posts") (0,2s)&#xD;
Then the response status code should be 200&#xD;
-&gt; done: UserPostsSteps.ThenTheResponseStatusCodeShouldBe(200) (0,0s)&#xD;
And the response should contain a list of posts&#xD;
-&gt; done: UserPostsSteps.ThenTheResponseShouldContainAListOfPosts() (0,0s)</StdOut>
      </Output>
    </UnitTestResult>
    <UnitTestResult executionId="6410fca7-6331-495f-a61a-fca5ad9e1e62" testId="10e30a73-8251-f289-a5dd-e9b2856f88cc" testName="Test1" computerName="DESKTOP-B7PGTAA" duration="00:00:00.0398430" startTime="2024-10-05T19:34:51.3333476+03:00" endTime="2024-10-05T19:34:51.3731910+03:00" testType="13cdc9d9-ddb5-4fa4-a97d-d965ccfc6d4b" outcome="Passed" testListId="8c84fa94-04c1-424b-9868-57a2d4851a1d" relativeResultsDirectory="6410fca7-6331-495f-a61a-fca5ad9e1e62" />
  </Results>
  <TestDefinitions>
    <UnitTest name="GetASinglePostByID" storage="c:\users\nata\specflowproject\bin\debug\net7.0\specflowproject.dll" id="ba33e863-bc38-424c-5b94-2dfbd9498fb4">
      <Execution id="79e82cde-ccc5-4866-a262-82c83fc432aa" />
      <TestMethod codeBase="C:\Users\nata\SpecFlowProject\bin\Debug\net7.0\SpecFlowProject.dll" adapterTypeName="executor://nunit3testexecutor/" className="SpecFlowProject.Features.UserPostsAPIFeature" name="GetASinglePostByID" />
    </UnitTest>
    <UnitTest name="Test1" storage="c:\users\nata\specflowproject\bin\debug\net7.0\specflowproject.dll" id="10e30a73-8251-f289-a5dd-e9b2856f88cc">
      <Execution id="6410fca7-6331-495f-a61a-fca5ad9e1e62" />
      <TestMethod codeBase="C:\Users\nata\SpecFlowProject\bin\Debug\net7.0\SpecFlowProject.dll" adapterTypeName="executor://nunit3testexecutor/" className="SpecFlowProject.Tests" name="Test1" />
    </UnitTest>
    <UnitTest name="GetAllPosts" storage="c:\users\nata\specflowproject\bin\debug\net7.0\specflowproject.dll" id="14d507b7-c699-0625-d6ea-742a29f41c29">
      <Execution id="6df78a85-fabd-4b23-b517-7a9eb7ed35a7" />
      <TestMethod codeBase="C:\Users\nata\SpecFlowProject\bin\Debug\net7.0\SpecFlowProject.dll" adapterTypeName="executor://nunit3testexecutor/" className="SpecFlowProject.Features.UserPostsAPIFeature" name="GetAllPosts" />
    </UnitTest>
  </TestDefinitions>
  <TestEntries>
    <TestEntry testId="ba33e863-bc38-424c-5b94-2dfbd9498fb4" executionId="79e82cde-ccc5-4866-a262-82c83fc432aa" testListId="8c84fa94-04c1-424b-9868-57a2d4851a1d" />
    <TestEntry testId="14d507b7-c699-0625-d6ea-742a29f41c29" executionId="6df78a85-fabd-4b23-b517-7a9eb7ed35a7" testListId="8c84fa94-04c1-424b-9868-57a2d4851a1d" />
    <TestEntry testId="10e30a73-8251-f289-a5dd-e9b2856f88cc" executionId="6410fca7-6331-495f-a61a-fca5ad9e1e62" testListId="8c84fa94-04c1-424b-9868-57a2d4851a1d" />
  </TestEntries>
  <TestLists>
    <TestList name="Results Not in a List" id="8c84fa94-04c1-424b-9868-57a2d4851a1d" />
    <TestList name="All Loaded Results" id="19431567-8539-422a-85d7-44ee4e166bda" />
  </TestLists>
  <ResultSummary outcome="Completed">
    <Counters total="3" executed="3" passed="3" failed="0" error="0" timeout="0" aborted="0" inconclusive="0" passedButRunAborted="0" notRunnable="0" notExecuted="0" disconnected="0" warning="0" completed="0" inProgress="0" pending="0" />
    <Output>
      <StdOut>NUnit Adapter 4.4.0.0: Test execution started&#xD;
Running all tests in C:\Users\nata\SpecFlowProject\bin\Debug\net7.0\SpecFlowProject.dll&#xD;
   NUnit3TestExecutor discovered 3 of 3 NUnit test cases using Current Discovery mode, Non-Explicit run&#xD;
NUnit Adapter 4.4.0.0: Test execution complete&#xD;
</StdOut>
    </Output>
    <RunInfos>
      <RunInfo computerName="DESKTOP-B7PGTAA" outcome="Warning" timestamp="2024-10-05T19:34:51.1750018+03:00">
        <Text>Given I have a valid API endpoint&#xD;
-&gt; done: UserPostsSteps.GivenIHaveAValidApiEndpoint() (0,0s)&#xD;
When I send a GET request to "/posts"&#xD;
-&gt; done: UserPostsSteps.WhenISendAGETRequestTo("/posts") (0,2s)&#xD;
Then the response status code should be 200&#xD;
-&gt; done: UserPostsSteps.ThenTheResponseStatusCodeShouldBe(200) (0,0s)&#xD;
And the response should contain a list of posts&#xD;
-&gt; done: UserPostsSteps.ThenTheResponseShouldContainAListOfPosts() (0,0s)&#xD;
</Text>
      </RunInfo>
      <RunInfo computerName="DESKTOP-B7PGTAA" outcome="Warning" timestamp="2024-10-05T19:34:51.3252219+03:00">
        <Text>Given I have a valid API endpoint&#xD;
-&gt; done: UserPostsSteps.GivenIHaveAValidApiEndpoint() (0,0s)&#xD;
And the post ID is 1&#xD;
-&gt; done: UserPostsSteps.GivenThePostIDIs(1) (0,0s)&#xD;
When I send a GET request to "/posts/1"&#xD;
-&gt; done: UserPostsSteps.WhenISendAGETRequestTo("/posts/1") (0,2s)&#xD;
Then the response status code should be 200&#xD;
-&gt; done: UserPostsSteps.ThenTheResponseStatusCodeShouldBe(200) (0,0s)&#xD;
And the response should contain the post with ID 1&#xD;
-&gt; done: UserPostsSteps.ThenTheResponseShouldContainThePostWithID(1) (0,0s)&#xD;
</Text>
      </RunInfo>
    </RunInfos>
    <CollectorDataEntries>
      <Collector agentName="DESKTOP-B7PGTAA" uri="datacollector://microsoft/CoverletCodeCoverage/1.0" collectorDisplayName="XPlat code coverage">
        <UriAttachments>
          <UriAttachment>
            <A href="DESKTOP-B7PGTAA\coverage.cobertura.xml"></A>
          </UriAttachment>
        </UriAttachments>
      </Collector>
    </CollectorDataEntries>
  </ResultSummary>
</TestRun>